{"date":"Fri May 10 2024 14:25:07 GMT+0100 (West Africa Standard Time)","error":{},"exception":true,"level":"error","message":"uncaughtException: errorHandlerMiddleware is not defined\nReferenceError: errorHandlerMiddleware is not defined\n    at file:///C:/backend/3MTT/Blogging-API/app.js:26:9\n    at ModuleJob.run (node:internal/modules/esm/module_job:222:25)\n    at async ModuleLoader.import (node:internal/modules/esm/loader:323:24)\n    at async loadESM (node:internal/process/esm_loader:28:7)\n    at async handleMainPromise (node:internal/modules/run_main:113:12)","os":{"loadavg":[0,0,0],"uptime":397020.203},"process":{"argv":["C:\\ProgramData\\nvm\\v20.12.1\\node.exe","C:\\backend\\3MTT\\Blogging-API\\app.js"],"cwd":"C:\\backend\\3MTT\\Blogging-API","execPath":"C:\\ProgramData\\nvm\\v20.12.1\\node.exe","gid":null,"memoryUsage":{"arrayBuffers":18262708,"external":20777899,"heapTotal":39534592,"heapUsed":27997176,"rss":72802304},"pid":2876,"uid":null,"version":"v20.12.1"},"stack":"ReferenceError: errorHandlerMiddleware is not defined\n    at file:///C:/backend/3MTT/Blogging-API/app.js:26:9\n    at ModuleJob.run (node:internal/modules/esm/module_job:222:25)\n    at async ModuleLoader.import (node:internal/modules/esm/loader:323:24)\n    at async loadESM (node:internal/process/esm_loader:28:7)\n    at async handleMainPromise (node:internal/modules/run_main:113:12)","trace":[{"column":9,"file":"file:///C:/backend/3MTT/Blogging-API/app.js","function":null,"line":26,"method":null,"native":false},{"column":25,"file":"node:internal/modules/esm/module_job","function":"ModuleJob.run","line":222,"method":"run","native":false},{"column":24,"file":"node:internal/modules/esm/loader","function":"async ModuleLoader.import","line":323,"method":"import","native":false},{"column":7,"file":"node:internal/process/esm_loader","function":"async loadESM","line":28,"method":null,"native":false},{"column":12,"file":"node:internal/modules/run_main","function":"async handleMainPromise","line":113,"method":null,"native":false}]}
{"level":"info","message":"Server running on port 8000"}
{"contentLength":"30","level":"info","message":"HTTP Access Log","method":"POST","responseTime":809.82,"status":406,"timeStamp":"Fri May 10 2024 14:36:33 GMT+0100 (West Africa Standard Time)","url":"/user/register"}
{"contentLength":"46","level":"info","message":"HTTP Access Log","method":"POST","responseTime":4.718,"status":406,"timeStamp":"Fri May 10 2024 14:36:43 GMT+0100 (West Africa Standard Time)","url":"/user/register"}
{"contentLength":"309","level":"info","message":"HTTP Access Log","method":"POST","responseTime":342.207,"status":201,"timeStamp":"Fri May 10 2024 14:37:00 GMT+0100 (West Africa Standard Time)","url":"/user/register"}
{"level":"info","message":"Server running on port 8000"}
{"contentLength":"26","level":"info","message":"HTTP Access Log","method":"POST","responseTime":36.116,"status":400,"timeStamp":"Fri May 10 2024 14:38:36 GMT+0100 (West Africa Standard Time)","url":"/user/register"}
{"contentLength":"92","level":"info","message":"HTTP Access Log","method":"POST","responseTime":10.104,"status":500,"timeStamp":"Fri May 10 2024 14:39:39 GMT+0100 (West Africa Standard Time)","url":"/user/login"}
{"level":"info","message":"Server running on port 8000"}
{"contentLength":"45","level":"info","message":"HTTP Access Log","method":"POST","responseTime":331.149,"status":404,"timeStamp":"Fri May 10 2024 14:40:10 GMT+0100 (West Africa Standard Time)","url":"/user/login"}
{"contentLength":"67","level":"info","message":"HTTP Access Log","method":"POST","responseTime":340.093,"status":500,"timeStamp":"Fri May 10 2024 14:40:19 GMT+0100 (West Africa Standard Time)","url":"/user/login"}
{"level":"info","message":"Server running on port 8000"}
{"contentLength":"92","level":"info","message":"HTTP Access Log","method":"POST","responseTime":36.938,"status":500,"timeStamp":"Fri May 10 2024 14:41:51 GMT+0100 (West Africa Standard Time)","url":"/user/login"}
{"level":"info","message":"Server running on port 8000"}
{"contentLength":"375","level":"info","message":"HTTP Access Log","method":"POST","responseTime":331.386,"status":200,"timeStamp":"Fri May 10 2024 14:42:57 GMT+0100 (West Africa Standard Time)","url":"/user/login"}
{"level":"info","message":"Server running on port 8000"}
{"level":"info","message":"Server running on port 8000"}
{"level":"info","message":"Server running on port 8000"}
{"level":"info","message":"Server running on port 8000"}
{"level":"info","message":"Server running on port 8000"}
{"level":"info","message":"Server running on port 8000"}
{"level":"info","message":"Server running on port 8000"}
{"level":"info","message":"Server running on port 8000"}
{"level":"info","message":"Server running on port 8000"}
{"level":"info","message":"Server running on port 8000"}
{"contentLength":"37","level":"info","message":"HTTP Access Log","method":"GET","responseTime":14.513,"status":200,"timeStamp":"Fri May 10 2024 15:00:50 GMT+0100 (West Africa Standard Time)","url":"/blog"}
{"level":"info","message":"Server running on port 8000"}
{"contentLength":"42","level":"info","message":"HTTP Access Log","method":"GET","responseTime":23.775,"status":500,"timeStamp":"Fri May 10 2024 15:01:44 GMT+0100 (West Africa Standard Time)","url":"/blog"}
{"date":"Fri May 10 2024 15:01:44 GMT+0100 (West Africa Standard Time)","error":{"code":"ERR_HTTP_HEADERS_SENT"},"exception":true,"level":"error","message":"uncaughtException: Cannot set headers after they are sent to the client\nError [ERR_HTTP_HEADERS_SENT]: Cannot set headers after they are sent to the client\n    at ServerResponse.setHeader (node:_http_outgoing:659:11)\n    at ServerResponse.header (C:\\backend\\3MTT\\Blogging-API\\node_modules\\express\\lib\\response.js:795:10)\n    at ServerResponse.send (C:\\backend\\3MTT\\Blogging-API\\node_modules\\express\\lib\\response.js:175:12)\n    at ServerResponse.json (C:\\backend\\3MTT\\Blogging-API\\node_modules\\express\\lib\\response.js:279:15)\n    at getAllBlogs (file:///C:/backend/3MTT/Blogging-API/src/controllers/blog.js:48:8)\n    at process.processTicksAndRejections (node:internal/process/task_queues:95:5)","os":{"loadavg":[0,0,0],"uptime":399216.546},"process":{"argv":["C:\\ProgramData\\nvm\\v20.12.1\\node.exe","C:\\backend\\3MTT\\Blogging-API\\app.js"],"cwd":"C:\\backend\\3MTT\\Blogging-API","execPath":"C:\\ProgramData\\nvm\\v20.12.1\\node.exe","gid":null,"memoryUsage":{"arrayBuffers":18270823,"external":20805191,"heapTotal":59199488,"heapUsed":25732712,"rss":75796480},"pid":9988,"uid":null,"version":"v20.12.1"},"stack":"Error [ERR_HTTP_HEADERS_SENT]: Cannot set headers after they are sent to the client\n    at ServerResponse.setHeader (node:_http_outgoing:659:11)\n    at ServerResponse.header (C:\\backend\\3MTT\\Blogging-API\\node_modules\\express\\lib\\response.js:795:10)\n    at ServerResponse.send (C:\\backend\\3MTT\\Blogging-API\\node_modules\\express\\lib\\response.js:175:12)\n    at ServerResponse.json (C:\\backend\\3MTT\\Blogging-API\\node_modules\\express\\lib\\response.js:279:15)\n    at getAllBlogs (file:///C:/backend/3MTT/Blogging-API/src/controllers/blog.js:48:8)\n    at process.processTicksAndRejections (node:internal/process/task_queues:95:5)","trace":[{"column":11,"file":"node:_http_outgoing","function":"ServerResponse.setHeader","line":659,"method":"setHeader","native":false},{"column":10,"file":"C:\\backend\\3MTT\\Blogging-API\\node_modules\\express\\lib\\response.js","function":"ServerResponse.header","line":795,"method":"header","native":false},{"column":12,"file":"C:\\backend\\3MTT\\Blogging-API\\node_modules\\express\\lib\\response.js","function":"ServerResponse.send","line":175,"method":"send","native":false},{"column":15,"file":"C:\\backend\\3MTT\\Blogging-API\\node_modules\\express\\lib\\response.js","function":"ServerResponse.json","line":279,"method":"json","native":false},{"column":8,"file":"file:///C:/backend/3MTT/Blogging-API/src/controllers/blog.js","function":"getAllBlogs","line":48,"method":null,"native":false},{"column":5,"file":"node:internal/process/task_queues","function":"process.processTicksAndRejections","line":95,"method":"processTicksAndRejections","native":false}]}
{"level":"info","message":"Server running on port 8000"}
{"contentLength":"23","level":"info","message":"HTTP Access Log","method":"POST","responseTime":21.79,"status":406,"timeStamp":"Fri May 10 2024 15:04:00 GMT+0100 (West Africa Standard Time)","url":"/blog"}
{"date":"Fri May 10 2024 15:04:15 GMT+0100 (West Africa Standard Time)","error":{},"exception":true,"level":"error","message":"uncaughtException: Joi.array(...).min(...).trim is not a function\nTypeError: Joi.array(...).min(...).trim is not a function\n    at file:///C:/backend/3MTT/Blogging-API/src/helper/validator/blog.validator.js:18:28\n    at ModuleJob.run (node:internal/modules/esm/module_job:222:25)\n    at async ModuleLoader.import (node:internal/modules/esm/loader:323:24)\n    at async loadESM (node:internal/process/esm_loader:28:7)\n    at async handleMainPromise (node:internal/modules/run_main:113:12)","os":{"loadavg":[0,0,0],"uptime":399368.343},"process":{"argv":["C:\\ProgramData\\nvm\\v20.12.1\\node.exe","C:\\backend\\3MTT\\Blogging-API\\app.js"],"cwd":"C:\\backend\\3MTT\\Blogging-API","execPath":"C:\\ProgramData\\nvm\\v20.12.1\\node.exe","gid":null,"memoryUsage":{"arrayBuffers":18262471,"external":20777662,"heapTotal":38625280,"heapUsed":26465064,"rss":70737920},"pid":16020,"uid":null,"version":"v20.12.1"},"stack":"TypeError: Joi.array(...).min(...).trim is not a function\n    at file:///C:/backend/3MTT/Blogging-API/src/helper/validator/blog.validator.js:18:28\n    at ModuleJob.run (node:internal/modules/esm/module_job:222:25)\n    at async ModuleLoader.import (node:internal/modules/esm/loader:323:24)\n    at async loadESM (node:internal/process/esm_loader:28:7)\n    at async handleMainPromise (node:internal/modules/run_main:113:12)","trace":[{"column":28,"file":"file:///C:/backend/3MTT/Blogging-API/src/helper/validator/blog.validator.js","function":null,"line":18,"method":null,"native":false},{"column":25,"file":"node:internal/modules/esm/module_job","function":"ModuleJob.run","line":222,"method":"run","native":false},{"column":24,"file":"node:internal/modules/esm/loader","function":"async ModuleLoader.import","line":323,"method":"import","native":false},{"column":7,"file":"node:internal/process/esm_loader","function":"async loadESM","line":28,"method":null,"native":false},{"column":12,"file":"node:internal/modules/run_main","function":"async handleMainPromise","line":113,"method":null,"native":false}]}
{"level":"info","message":"Server running on port 8000"}
{"date":"Fri May 10 2024 15:05:32 GMT+0100 (West Africa Standard Time)","error":{},"exception":true,"level":"error","message":"uncaughtException: Cannot read properties of undefined (reading 'id')\nTypeError: Cannot read properties of undefined (reading 'id')\n    at createBlog (file:///C:/backend/3MTT/Blogging-API/src/controllers/blog.js:3:27)\n    at Layer.handle [as handle_request] (C:\\backend\\3MTT\\Blogging-API\\node_modules\\express\\lib\\router\\layer.js:95:5)\n    at next (C:\\backend\\3MTT\\Blogging-API\\node_modules\\express\\lib\\router\\route.js:149:13)\n    at validateBlog (file:///C:/backend/3MTT/Blogging-API/src/helper/validator/blog.validator.js:7:5)\n    at process.processTicksAndRejections (node:internal/process/task_queues:95:5)","os":{"loadavg":[0,0,0],"uptime":399445.031},"process":{"argv":["C:\\ProgramData\\nvm\\v20.12.1\\node.exe","C:\\backend\\3MTT\\Blogging-API\\app.js"],"cwd":"C:\\backend\\3MTT\\Blogging-API","execPath":"C:\\ProgramData\\nvm\\v20.12.1\\node.exe","gid":null,"memoryUsage":{"arrayBuffers":18271534,"external":20804334,"heapTotal":23805952,"heapUsed":22728312,"rss":56786944},"pid":12260,"uid":null,"version":"v20.12.1"},"stack":"TypeError: Cannot read properties of undefined (reading 'id')\n    at createBlog (file:///C:/backend/3MTT/Blogging-API/src/controllers/blog.js:3:27)\n    at Layer.handle [as handle_request] (C:\\backend\\3MTT\\Blogging-API\\node_modules\\express\\lib\\router\\layer.js:95:5)\n    at next (C:\\backend\\3MTT\\Blogging-API\\node_modules\\express\\lib\\router\\route.js:149:13)\n    at validateBlog (file:///C:/backend/3MTT/Blogging-API/src/helper/validator/blog.validator.js:7:5)\n    at process.processTicksAndRejections (node:internal/process/task_queues:95:5)","trace":[{"column":27,"file":"file:///C:/backend/3MTT/Blogging-API/src/controllers/blog.js","function":"createBlog","line":3,"method":null,"native":false},{"column":5,"file":"C:\\backend\\3MTT\\Blogging-API\\node_modules\\express\\lib\\router\\layer.js","function":"Layer.handle [as handle_request]","line":95,"method":"handle [as handle_request]","native":false},{"column":13,"file":"C:\\backend\\3MTT\\Blogging-API\\node_modules\\express\\lib\\router\\route.js","function":"next","line":149,"method":null,"native":false},{"column":5,"file":"file:///C:/backend/3MTT/Blogging-API/src/helper/validator/blog.validator.js","function":"validateBlog","line":7,"method":null,"native":false},{"column":5,"file":"node:internal/process/task_queues","function":"process.processTicksAndRejections","line":95,"method":"processTicksAndRejections","native":false}]}
{"level":"info","message":"Server running on port 8000"}
{"contentLength":"49","level":"info","message":"HTTP Access Log","method":"POST","responseTime":18.014,"status":401,"timeStamp":"Fri May 10 2024 15:06:40 GMT+0100 (West Africa Standard Time)","url":"/blog"}
{"contentLength":"68","level":"info","message":"HTTP Access Log","method":"POST","responseTime":263.596,"status":500,"timeStamp":"Fri May 10 2024 15:07:02 GMT+0100 (West Africa Standard Time)","url":"/blog"}
{"level":"info","message":"Server running on port 8000"}
{"level":"info","message":"Server running on port 8000"}
{"contentLength":"44","level":"info","message":"HTTP Access Log","method":"POST","responseTime":42.584,"status":400,"timeStamp":"Fri May 10 2024 15:08:45 GMT+0100 (West Africa Standard Time)","url":"/blog"}
{"level":"info","message":"Server running on port 8000"}
{"contentLength":"52","level":"info","message":"HTTP Access Log","method":"POST","responseTime":41.781,"status":400,"timeStamp":"Fri May 10 2024 15:09:07 GMT+0100 (West Africa Standard Time)","url":"/blog"}
{"level":"info","message":"Server running on port 8000"}
{"contentLength":"40","level":"info","message":"HTTP Access Log","method":"POST","responseTime":23.532,"status":403,"timeStamp":"Fri May 10 2024 15:13:47 GMT+0100 (West Africa Standard Time)","url":"/blog"}
{"contentLength":"40","level":"info","message":"HTTP Access Log","method":"POST","responseTime":2.917,"status":403,"timeStamp":"Fri May 10 2024 15:17:19 GMT+0100 (West Africa Standard Time)","url":"/blog"}
{"level":"info","message":"Server running on port 8000"}
{"contentLength":"42","level":"info","message":"HTTP Access Log","method":"GET","responseTime":80.259,"status":200,"timeStamp":"Fri May 10 2024 15:20:33 GMT+0100 (West Africa Standard Time)","url":"/blog"}
{"level":"info","message":"Server running on port 8000"}
{"contentLength":"304","level":"info","message":"HTTP Access Log","method":"GET","responseTime":20.102,"status":200,"timeStamp":"Fri May 10 2024 15:20:40 GMT+0100 (West Africa Standard Time)","url":"/blog"}
{"level":"info","message":"Server running on port 8000"}
{"contentLength":"42","level":"info","message":"HTTP Access Log","method":"GET","responseTime":13.111,"status":200,"timeStamp":"Fri May 10 2024 15:20:52 GMT+0100 (West Africa Standard Time)","url":"/blog"}
{"contentLength":"52","level":"info","message":"HTTP Access Log","method":"POST","responseTime":28.734,"status":400,"timeStamp":"Fri May 10 2024 15:24:45 GMT+0100 (West Africa Standard Time)","url":"/blog"}
{"contentLength":"315","level":"info","message":"HTTP Access Log","method":"POST","responseTime":24.186,"status":201,"timeStamp":"Fri May 10 2024 15:24:59 GMT+0100 (West Africa Standard Time)","url":"/blog"}
{"contentLength":"52","level":"info","message":"HTTP Access Log","method":"POST","responseTime":5.334,"status":400,"timeStamp":"Fri May 10 2024 15:25:49 GMT+0100 (West Africa Standard Time)","url":"/blog"}
{"contentLength":"316","level":"info","message":"HTTP Access Log","method":"POST","responseTime":8.743,"status":201,"timeStamp":"Fri May 10 2024 15:25:55 GMT+0100 (West Africa Standard Time)","url":"/blog"}
{"level":"info","message":"Server running on port 8000"}
{"level":"info","message":"Server running on port 8000"}
{"contentLength":"42","level":"info","message":"HTTP Access Log","method":"GET","responseTime":19.946,"status":200,"timeStamp":"Fri May 10 2024 15:29:47 GMT+0100 (West Africa Standard Time)","url":"/blog"}
{"contentLength":"42","level":"info","message":"HTTP Access Log","method":"GET","responseTime":4.15,"status":200,"timeStamp":"Fri May 10 2024 15:29:50 GMT+0100 (West Africa Standard Time)","url":"/blog"}
{"contentLength":"582","level":"info","message":"HTTP Access Log","method":"GET","responseTime":11.967,"status":200,"timeStamp":"Fri May 10 2024 15:30:42 GMT+0100 (West Africa Standard Time)","url":"/blog"}
{"contentLength":"306","level":"info","message":"HTTP Access Log","method":"GET","responseTime":5.777,"status":200,"timeStamp":"Fri May 10 2024 15:31:13 GMT+0100 (West Africa Standard Time)","url":"/blog/663e2a061cb04882885e57f8"}
{"contentLength":"49","level":"info","message":"HTTP Access Log","method":"POST","responseTime":18.599,"status":401,"timeStamp":"Fri May 10 2024 15:31:47 GMT+0100 (West Africa Standard Time)","url":"/blog"}
{"level":"info","message":"Server running on port 8000"}
{"contentLength":"67","level":"info","message":"HTTP Access Log","method":"POST","responseTime":28.337,"status":401,"timeStamp":"Fri May 10 2024 15:32:48 GMT+0100 (West Africa Standard Time)","url":"/blog"}
{"level":"info","message":"Server running on port 8000"}
{"contentLength":"69","level":"info","message":"HTTP Access Log","method":"POST","responseTime":18.091,"status":401,"timeStamp":"Fri May 10 2024 15:33:03 GMT+0100 (West Africa Standard Time)","url":"/blog"}
{"level":"info","message":"Server running on port 8000"}
{"contentLength":"95","level":"info","message":"HTTP Access Log","method":"GET","responseTime":14.67,"status":500,"timeStamp":"Fri May 10 2024 15:36:26 GMT+0100 (West Africa Standard Time)","url":"/blog/663e2a061cb04882885e57f9"}
{"level":"info","message":"Server running on port 8000"}
{"contentLength":"41","level":"info","message":"HTTP Access Log","method":"GET","responseTime":13.559,"status":404,"timeStamp":"Fri May 10 2024 15:36:46 GMT+0100 (West Africa Standard Time)","url":"/blog/663e2a061cb04882885e57f9"}
{"contentLength":"305","level":"info","message":"HTTP Access Log","method":"GET","responseTime":12.496,"status":200,"timeStamp":"Fri May 10 2024 15:36:57 GMT+0100 (West Africa Standard Time)","url":"/blog/663e2a061cb04882885e57f8"}
{"level":"info","message":"Server running on port 8000"}
{"level":"info","message":"Server running on port 8000"}
{"level":"info","message":"Server running on port 8000"}
{"level":"info","message":"Server running on port 8000"}
{"level":"info","message":"Server running on port 8000"}
{"level":"info","message":"Server running on port 8000"}
{"contentLength":"69","level":"info","message":"HTTP Access Log","method":"PATCH","responseTime":27.955,"status":401,"timeStamp":"Fri May 10 2024 15:48:44 GMT+0100 (West Africa Standard Time)","url":"/blog/663e2a061cb04882885e57f8"}
{"contentLength":"40","level":"info","message":"HTTP Access Log","method":"PATCH","responseTime":4.848,"status":403,"timeStamp":"Fri May 10 2024 15:49:05 GMT+0100 (West Africa Standard Time)","url":"/blog/663e2a061cb04882885e57f8"}
{"contentLength":"40","level":"info","message":"HTTP Access Log","method":"PATCH","responseTime":2.517,"status":403,"timeStamp":"Fri May 10 2024 15:49:15 GMT+0100 (West Africa Standard Time)","url":"/blog/663e2a061cb04882885e57f8"}
{"contentLength":"398","level":"info","message":"HTTP Access Log","method":"POST","responseTime":330.797,"status":200,"timeStamp":"Fri May 10 2024 15:49:20 GMT+0100 (West Africa Standard Time)","url":"/user/login"}
{"contentLength":"102","level":"info","message":"HTTP Access Log","method":"PATCH","responseTime":8.041,"status":500,"timeStamp":"Fri May 10 2024 15:49:34 GMT+0100 (West Africa Standard Time)","url":"/blog/663e2a061cb04882885e57f8"}
{"level":"info","message":"Server running on port 8000"}
{"contentLength":"102","level":"info","message":"HTTP Access Log","method":"PATCH","responseTime":46.96,"status":500,"timeStamp":"Fri May 10 2024 15:49:55 GMT+0100 (West Africa Standard Time)","url":"/blog/663e2a061cb04882885e57f8"}
{"level":"info","message":"Server running on port 8000"}
{"contentLength":"69","level":"info","message":"HTTP Access Log","method":"POST","responseTime":23.478,"status":401,"timeStamp":"Fri May 10 2024 15:51:29 GMT+0100 (West Africa Standard Time)","url":"/blog"}
{"contentLength":"40","level":"info","message":"HTTP Access Log","method":"POST","responseTime":5.321,"status":403,"timeStamp":"Fri May 10 2024 15:51:35 GMT+0100 (West Africa Standard Time)","url":"/blog"}
{"contentLength":"314","level":"info","message":"HTTP Access Log","method":"POST","responseTime":759.37,"status":201,"timeStamp":"Fri May 10 2024 15:51:42 GMT+0100 (West Africa Standard Time)","url":"/blog"}
{"contentLength":"315","level":"info","message":"HTTP Access Log","method":"POST","responseTime":8.814,"status":201,"timeStamp":"Fri May 10 2024 15:51:53 GMT+0100 (West Africa Standard Time)","url":"/blog"}
{"contentLength":"307","level":"info","message":"HTTP Access Log","method":"POST","responseTime":305.207,"status":201,"timeStamp":"Fri May 10 2024 15:52:12 GMT+0100 (West Africa Standard Time)","url":"/user/register"}
{"contentLength":"399","level":"info","message":"HTTP Access Log","method":"POST","responseTime":303.351,"status":200,"timeStamp":"Fri May 10 2024 15:52:35 GMT+0100 (West Africa Standard Time)","url":"/user/login"}
{"contentLength":"317","level":"info","message":"HTTP Access Log","method":"POST","responseTime":9.099,"status":201,"timeStamp":"Fri May 10 2024 15:53:06 GMT+0100 (West Africa Standard Time)","url":"/blog"}
{"contentLength":"42","level":"info","message":"HTTP Access Log","method":"GET","responseTime":4.127,"status":200,"timeStamp":"Fri May 10 2024 15:53:11 GMT+0100 (West Africa Standard Time)","url":"/blog"}
{"contentLength":"583","level":"info","message":"HTTP Access Log","method":"GET","responseTime":4.913,"status":200,"timeStamp":"Fri May 10 2024 15:53:53 GMT+0100 (West Africa Standard Time)","url":"/blog"}
{"contentLength":"31","level":"info","message":"HTTP Access Log","method":"PATCH","responseTime":5.951,"status":404,"timeStamp":"Fri May 10 2024 15:54:03 GMT+0100 (West Africa Standard Time)","url":"/blog/663e2a061cb04882885e57f8"}
{"contentLength":"102","level":"info","message":"HTTP Access Log","method":"PATCH","responseTime":9.94,"status":500,"timeStamp":"Fri May 10 2024 15:54:09 GMT+0100 (West Africa Standard Time)","url":"/blog/663e347d038ac834486f0fa8"}
{"level":"info","message":"Server running on port 8000"}
{"level":"info","message":"Server running on port 8000"}
{"contentLength":"52","level":"info","message":"HTTP Access Log","method":"POST","responseTime":746.492,"status":400,"timeStamp":"Fri May 10 2024 15:55:41 GMT+0100 (West Africa Standard Time)","url":"/blog"}
{"level":"info","message":"Server running on port 8000"}
{"contentLength":"52","level":"info","message":"HTTP Access Log","method":"POST","responseTime":37.924,"status":400,"timeStamp":"Fri May 10 2024 15:56:24 GMT+0100 (West Africa Standard Time)","url":"/blog"}
{"contentLength":"232","level":"info","message":"HTTP Access Log","method":"POST","responseTime":16.078,"status":201,"timeStamp":"Fri May 10 2024 15:56:37 GMT+0100 (West Africa Standard Time)","url":"/blog"}
{"level":"info","message":"Server running on port 8000"}
{"level":"info","message":"Server running on port 8000"}
{"contentLength":"67","level":"info","message":"HTTP Access Log","method":"POST","responseTime":39.993,"status":500,"timeStamp":"Fri May 10 2024 15:57:42 GMT+0100 (West Africa Standard Time)","url":"/blog"}
{"level":"info","message":"Server running on port 8000"}
{"contentLength":"67","level":"info","message":"HTTP Access Log","method":"POST","responseTime":42.113,"status":500,"timeStamp":"Fri May 10 2024 15:58:43 GMT+0100 (West Africa Standard Time)","url":"/blog"}
{"level":"info","message":"Server running on port 8000"}
{"contentLength":"67","level":"info","message":"HTTP Access Log","method":"POST","responseTime":37.571,"status":500,"timeStamp":"Fri May 10 2024 15:58:55 GMT+0100 (West Africa Standard Time)","url":"/blog"}
{"level":"info","message":"Server running on port 8000"}
{"contentLength":"353","level":"info","message":"HTTP Access Log","method":"POST","responseTime":70.115,"status":201,"timeStamp":"Fri May 10 2024 16:06:26 GMT+0100 (West Africa Standard Time)","url":"/blog"}
{"contentLength":"102","level":"info","message":"HTTP Access Log","method":"PATCH","responseTime":13.947,"status":500,"timeStamp":"Fri May 10 2024 16:06:36 GMT+0100 (West Africa Standard Time)","url":"/blog/663e347d038ac834486f0fa8"}
{"level":"info","message":"Server running on port 8000"}
{"contentLength":"355","level":"info","message":"HTTP Access Log","method":"POST","responseTime":57.538,"status":201,"timeStamp":"Fri May 10 2024 16:08:03 GMT+0100 (West Africa Standard Time)","url":"/blog"}
{"contentLength":"31","level":"info","message":"HTTP Access Log","method":"PATCH","responseTime":5.403,"status":404,"timeStamp":"Fri May 10 2024 16:09:35 GMT+0100 (West Africa Standard Time)","url":"/blog/663e347d038ac834486f0fa8"}
{"contentLength":"660","level":"info","message":"HTTP Access Log","method":"GET","responseTime":5.703,"status":200,"timeStamp":"Fri May 10 2024 16:09:40 GMT+0100 (West Africa Standard Time)","url":"/blog"}
{"contentLength":"59","level":"info","message":"HTTP Access Log","method":"PATCH","responseTime":9.584,"status":403,"timeStamp":"Fri May 10 2024 16:09:52 GMT+0100 (West Africa Standard Time)","url":"/blog/663e37f29d9d3fb1aa887297"}
{"contentLength":"361","level":"info","message":"HTTP Access Log","method":"PATCH","responseTime":13.966,"status":200,"timeStamp":"Fri May 10 2024 16:10:16 GMT+0100 (West Africa Standard Time)","url":"/blog/663e3853f89ce7396e967646"}
{"contentLength":"347","level":"info","message":"HTTP Access Log","method":"GET","responseTime":4.678,"status":200,"timeStamp":"Fri May 10 2024 16:10:27 GMT+0100 (West Africa Standard Time)","url":"/blog"}
{"level":"info","message":"Server running on port 8000"}
{"level":"info","message":"Server running on port 8000"}
{"level":"info","message":"Server running on port 8000"}
{"level":"info","message":"Server running on port 8000"}
{"date":"Fri May 10 2024 16:29:37 GMT+0100 (West Africa Standard Time)","error":{},"exception":true,"level":"error","message":"uncaughtException: Cannot read properties of undefined (reading 'id')\nTypeError: Cannot read properties of undefined (reading 'id')\n    at deleteBlog (file:///C:/backend/3MTT/Blogging-API/src/controllers/blog.js:93:27)\n    at Layer.handle [as handle_request] (C:\\backend\\3MTT\\Blogging-API\\node_modules\\express\\lib\\router\\layer.js:95:5)\n    at next (C:\\backend\\3MTT\\Blogging-API\\node_modules\\express\\lib\\router\\route.js:149:13)\n    at next (C:\\backend\\3MTT\\Blogging-API\\node_modules\\express\\lib\\router\\route.js:145:7)\n    at next (C:\\backend\\3MTT\\Blogging-API\\node_modules\\express\\lib\\router\\route.js:145:7)\n    at next (C:\\backend\\3MTT\\Blogging-API\\node_modules\\express\\lib\\router\\route.js:145:7)\n    at Route.dispatch (C:\\backend\\3MTT\\Blogging-API\\node_modules\\express\\lib\\router\\route.js:119:3)\n    at Layer.handle [as handle_request] (C:\\backend\\3MTT\\Blogging-API\\node_modules\\express\\lib\\router\\layer.js:95:5)\n    at C:\\backend\\3MTT\\Blogging-API\\node_modules\\express\\lib\\router\\index.js:284:15\n    at param (C:\\backend\\3MTT\\Blogging-API\\node_modules\\express\\lib\\router\\index.js:365:14)","os":{"loadavg":[0,0,0],"uptime":404489.875},"process":{"argv":["C:\\ProgramData\\nvm\\v20.12.1\\node.exe","C:\\backend\\3MTT\\Blogging-API\\app.js"],"cwd":"C:\\backend\\3MTT\\Blogging-API","execPath":"C:\\ProgramData\\nvm\\v20.12.1\\node.exe","gid":null,"memoryUsage":{"arrayBuffers":18272611,"external":20806979,"heapTotal":40587264,"heapUsed":30270528,"rss":73658368},"pid":13956,"uid":null,"version":"v20.12.1"},"stack":"TypeError: Cannot read properties of undefined (reading 'id')\n    at deleteBlog (file:///C:/backend/3MTT/Blogging-API/src/controllers/blog.js:93:27)\n    at Layer.handle [as handle_request] (C:\\backend\\3MTT\\Blogging-API\\node_modules\\express\\lib\\router\\layer.js:95:5)\n    at next (C:\\backend\\3MTT\\Blogging-API\\node_modules\\express\\lib\\router\\route.js:149:13)\n    at next (C:\\backend\\3MTT\\Blogging-API\\node_modules\\express\\lib\\router\\route.js:145:7)\n    at next (C:\\backend\\3MTT\\Blogging-API\\node_modules\\express\\lib\\router\\route.js:145:7)\n    at next (C:\\backend\\3MTT\\Blogging-API\\node_modules\\express\\lib\\router\\route.js:145:7)\n    at Route.dispatch (C:\\backend\\3MTT\\Blogging-API\\node_modules\\express\\lib\\router\\route.js:119:3)\n    at Layer.handle [as handle_request] (C:\\backend\\3MTT\\Blogging-API\\node_modules\\express\\lib\\router\\layer.js:95:5)\n    at C:\\backend\\3MTT\\Blogging-API\\node_modules\\express\\lib\\router\\index.js:284:15\n    at param (C:\\backend\\3MTT\\Blogging-API\\node_modules\\express\\lib\\router\\index.js:365:14)","trace":[{"column":27,"file":"file:///C:/backend/3MTT/Blogging-API/src/controllers/blog.js","function":"deleteBlog","line":93,"method":null,"native":false},{"column":5,"file":"C:\\backend\\3MTT\\Blogging-API\\node_modules\\express\\lib\\router\\layer.js","function":"Layer.handle [as handle_request]","line":95,"method":"handle [as handle_request]","native":false},{"column":13,"file":"C:\\backend\\3MTT\\Blogging-API\\node_modules\\express\\lib\\router\\route.js","function":"next","line":149,"method":null,"native":false},{"column":7,"file":"C:\\backend\\3MTT\\Blogging-API\\node_modules\\express\\lib\\router\\route.js","function":"next","line":145,"method":null,"native":false},{"column":7,"file":"C:\\backend\\3MTT\\Blogging-API\\node_modules\\express\\lib\\router\\route.js","function":"next","line":145,"method":null,"native":false},{"column":7,"file":"C:\\backend\\3MTT\\Blogging-API\\node_modules\\express\\lib\\router\\route.js","function":"next","line":145,"method":null,"native":false},{"column":3,"file":"C:\\backend\\3MTT\\Blogging-API\\node_modules\\express\\lib\\router\\route.js","function":"Route.dispatch","line":119,"method":"dispatch","native":false},{"column":5,"file":"C:\\backend\\3MTT\\Blogging-API\\node_modules\\express\\lib\\router\\layer.js","function":"Layer.handle [as handle_request]","line":95,"method":"handle [as handle_request]","native":false},{"column":15,"file":"C:\\backend\\3MTT\\Blogging-API\\node_modules\\express\\lib\\router\\index.js","function":null,"line":284,"method":null,"native":false},{"column":14,"file":"C:\\backend\\3MTT\\Blogging-API\\node_modules\\express\\lib\\router\\index.js","function":"param","line":365,"method":null,"native":false}]}
{"level":"info","message":"Server running on port 8000"}
{"contentLength":"69","level":"info","message":"HTTP Access Log","method":"DELETE","responseTime":4.176,"status":401,"timeStamp":"Fri May 10 2024 16:30:18 GMT+0100 (West Africa Standard Time)","url":"/blog/663e37f29d9d3fb1aa887297"}
{"contentLength":"59","level":"info","message":"HTTP Access Log","method":"DELETE","responseTime":27.521,"status":403,"timeStamp":"Fri May 10 2024 16:30:29 GMT+0100 (West Africa Standard Time)","url":"/blog/663e37f29d9d3fb1aa887297"}
{"level":"info","message":"Server running on port 8000"}
{"contentLength":"61","level":"info","message":"HTTP Access Log","method":"DELETE","responseTime":23.925,"status":403,"timeStamp":"Fri May 10 2024 16:31:18 GMT+0100 (West Africa Standard Time)","url":"/blog/663e37f29d9d3fb1aa887297"}
{"contentLength":"52","level":"info","message":"HTTP Access Log","method":"POST","responseTime":26.529,"status":400,"timeStamp":"Fri May 10 2024 16:32:29 GMT+0100 (West Africa Standard Time)","url":"/blog"}
{"contentLength":"356","level":"info","message":"HTTP Access Log","method":"POST","responseTime":21.643,"status":201,"timeStamp":"Fri May 10 2024 16:32:34 GMT+0100 (West Africa Standard Time)","url":"/blog"}
{"contentLength":"75","level":"info","message":"HTTP Access Log","method":"DELETE","responseTime":5.254,"status":500,"timeStamp":"Fri May 10 2024 16:32:58 GMT+0100 (West Africa Standard Time)","url":"/blog/663e3e12da10c78b1a4c40ae"}
{"level":"info","message":"Server running on port 8000"}
{"contentLength":"44","level":"info","message":"HTTP Access Log","method":"DELETE","responseTime":26.819,"status":200,"timeStamp":"Fri May 10 2024 16:35:29 GMT+0100 (West Africa Standard Time)","url":"/blog/663e3e12da10c78b1a4c40ae"}
{"contentLength":"44","level":"info","message":"HTTP Access Log","method":"DELETE","responseTime":9.26,"status":200,"timeStamp":"Fri May 10 2024 16:35:45 GMT+0100 (West Africa Standard Time)","url":"/blog/663e3853f89ce7396e967646"}
{"level":"info","message":"Server running on port 8000"}
{"level":"info","message":"Server running on port 8000"}
{"contentLength":"69","level":"info","message":"HTTP Access Log","method":"PATCH","responseTime":18.346,"status":401,"timeStamp":"Fri May 10 2024 16:45:16 GMT+0100 (West Africa Standard Time)","url":"/blog/663e3853f89ce7396e967646/post"}
{"contentLength":"33","level":"info","message":"HTTP Access Log","method":"PATCH","responseTime":14.452,"status":404,"timeStamp":"Fri May 10 2024 16:45:23 GMT+0100 (West Africa Standard Time)","url":"/blog/663e3853f89ce7396e967646/post"}
{"contentLength":"61","level":"info","message":"HTTP Access Log","method":"PATCH","responseTime":13.741,"status":403,"timeStamp":"Fri May 10 2024 16:45:38 GMT+0100 (West Africa Standard Time)","url":"/blog/663e37f29d9d3fb1aa887297/post"}
{"contentLength":"368","level":"info","message":"HTTP Access Log","method":"PATCH","responseTime":20.998,"status":200,"timeStamp":"Fri May 10 2024 16:46:10 GMT+0100 (West Africa Standard Time)","url":"/blog/663e37f29d9d3fb1aa887297/post"}
{"contentLength":"353","level":"info","message":"HTTP Access Log","method":"POST","responseTime":13.697,"status":201,"timeStamp":"Fri May 10 2024 16:47:45 GMT+0100 (West Africa Standard Time)","url":"/blog"}
{"contentLength":"350","level":"info","message":"HTTP Access Log","method":"GET","responseTime":5.508,"status":200,"timeStamp":"Fri May 10 2024 16:47:50 GMT+0100 (West Africa Standard Time)","url":"/blog"}
{"contentLength":"61","level":"info","message":"HTTP Access Log","method":"PATCH","responseTime":6.134,"status":403,"timeStamp":"Fri May 10 2024 16:48:29 GMT+0100 (West Africa Standard Time)","url":"/blog/663e41a19adc51a04091d65b/post"}
{"contentLength":"360","level":"info","message":"HTTP Access Log","method":"PATCH","responseTime":8.588,"status":200,"timeStamp":"Fri May 10 2024 16:48:59 GMT+0100 (West Africa Standard Time)","url":"/blog/663e41a19adc51a04091d65b/post"}
{"contentLength":"40","level":"info","message":"HTTP Access Log","method":"PATCH","responseTime":2.978,"status":403,"timeStamp":"Fri May 10 2024 16:49:52 GMT+0100 (West Africa Standard Time)","url":"/blog/663e37f29d9d3fb1aa887297/post"}
{"contentLength":"365","level":"info","message":"HTTP Access Log","method":"PATCH","responseTime":10.632,"status":200,"timeStamp":"Fri May 10 2024 16:50:01 GMT+0100 (West Africa Standard Time)","url":"/blog/663e37f29d9d3fb1aa887297/post"}
{"level":"info","message":"Server running on port 8000"}
{"level":"info","message":"Server running on port 8000"}
{"contentLength":"41","level":"info","message":"HTTP Access Log","method":"GET","responseTime":17.897,"status":404,"timeStamp":"Sat May 11 2024 12:28:06 GMT+0100 (West Africa Standard Time)","url":"/blog/663e2a061cb04882885e57f8"}
{"contentLength":"347","level":"info","message":"HTTP Access Log","method":"GET","responseTime":10.4,"status":200,"timeStamp":"Sat May 11 2024 12:28:13 GMT+0100 (West Africa Standard Time)","url":"/blog"}
{"contentLength":"344","level":"info","message":"HTTP Access Log","method":"GET","responseTime":11.107,"status":200,"timeStamp":"Sat May 11 2024 12:28:36 GMT+0100 (West Africa Standard Time)","url":"/blog/663e37f29d9d3fb1aa887297"}
{"level":"info","message":"Server running on port 8000"}
{"level":"info","message":"Server running on port 8000"}
{"level":"info","message":"Server running on port 8000"}
{"contentLength":"134","level":"info","message":"HTTP Access Log","method":"GET","responseTime":30.289,"status":500,"timeStamp":"Sat May 11 2024 12:37:19 GMT+0100 (West Africa Standard Time)","url":"/blog/663e37f29d9d3fb1aa887297"}
{"level":"info","message":"Server running on port 8000"}
{"contentLength":"393","level":"info","message":"HTTP Access Log","method":"GET","responseTime":67.891,"status":200,"timeStamp":"Sat May 11 2024 12:37:52 GMT+0100 (West Africa Standard Time)","url":"/blog/663e37f29d9d3fb1aa887297"}
{"level":"info","message":"Server running on port 8000"}
{"contentLength":"396","level":"info","message":"HTTP Access Log","method":"GET","responseTime":39.194,"status":200,"timeStamp":"Sat May 11 2024 12:39:17 GMT+0100 (West Africa Standard Time)","url":"/blog"}
{"level":"info","message":"Server running on port 8000"}
{"level":"info","message":"Server running on port 8000"}
{"level":"info","message":"Server running on port 8000"}
{"level":"info","message":"Server running on port 8000"}
{"level":"info","message":"Server running on port 8000"}
{"contentLength":"396","level":"info","message":"HTTP Access Log","method":"GET","responseTime":37.698,"status":200,"timeStamp":"Sat May 11 2024 13:25:55 GMT+0100 (West Africa Standard Time)","url":"/blog?page=1&limit=10"}
{"level":"info","message":"Server running on port 8000"}
{"level":"info","message":"Server running on port 8000"}
{"date":"Sat May 11 2024 13:31:13 GMT+0100 (West Africa Standard Time)","error":{},"exception":true,"level":"error","message":"uncaughtException: Cannot read properties of undefined (reading 'id')\nTypeError: Cannot read properties of undefined (reading 'id')\n    at getOwnerBlog (file:///C:/backend/3MTT/Blogging-API/src/controllers/blog.js:71:27)\n    at Layer.handle [as handle_request] (C:\\backend\\3MTT\\Blogging-API\\node_modules\\express\\lib\\router\\layer.js:95:5)\n    at next (C:\\backend\\3MTT\\Blogging-API\\node_modules\\express\\lib\\router\\route.js:149:13)\n    at Route.dispatch (C:\\backend\\3MTT\\Blogging-API\\node_modules\\express\\lib\\router\\route.js:119:3)\n    at Layer.handle [as handle_request] (C:\\backend\\3MTT\\Blogging-API\\node_modules\\express\\lib\\router\\layer.js:95:5)\n    at C:\\backend\\3MTT\\Blogging-API\\node_modules\\express\\lib\\router\\index.js:284:15\n    at Function.process_params (C:\\backend\\3MTT\\Blogging-API\\node_modules\\express\\lib\\router\\index.js:346:12)\n    at next (C:\\backend\\3MTT\\Blogging-API\\node_modules\\express\\lib\\router\\index.js:280:10)\n    at Function.handle (C:\\backend\\3MTT\\Blogging-API\\node_modules\\express\\lib\\router\\index.js:175:3)\n    at router (C:\\backend\\3MTT\\Blogging-API\\node_modules\\express\\lib\\router\\index.js:47:12)","os":{"loadavg":[0,0,0],"uptime":480185.578},"process":{"argv":["C:\\ProgramData\\nvm\\v20.12.1\\node.exe","C:\\backend\\3MTT\\Blogging-API\\app.js"],"cwd":"C:\\backend\\3MTT\\Blogging-API","execPath":"C:\\ProgramData\\nvm\\v20.12.1\\node.exe","gid":null,"memoryUsage":{"arrayBuffers":18270700,"external":20803500,"heapTotal":23543808,"heapUsed":21715432,"rss":55640064},"pid":10620,"uid":null,"version":"v20.12.1"},"stack":"TypeError: Cannot read properties of undefined (reading 'id')\n    at getOwnerBlog (file:///C:/backend/3MTT/Blogging-API/src/controllers/blog.js:71:27)\n    at Layer.handle [as handle_request] (C:\\backend\\3MTT\\Blogging-API\\node_modules\\express\\lib\\router\\layer.js:95:5)\n    at next (C:\\backend\\3MTT\\Blogging-API\\node_modules\\express\\lib\\router\\route.js:149:13)\n    at Route.dispatch (C:\\backend\\3MTT\\Blogging-API\\node_modules\\express\\lib\\router\\route.js:119:3)\n    at Layer.handle [as handle_request] (C:\\backend\\3MTT\\Blogging-API\\node_modules\\express\\lib\\router\\layer.js:95:5)\n    at C:\\backend\\3MTT\\Blogging-API\\node_modules\\express\\lib\\router\\index.js:284:15\n    at Function.process_params (C:\\backend\\3MTT\\Blogging-API\\node_modules\\express\\lib\\router\\index.js:346:12)\n    at next (C:\\backend\\3MTT\\Blogging-API\\node_modules\\express\\lib\\router\\index.js:280:10)\n    at Function.handle (C:\\backend\\3MTT\\Blogging-API\\node_modules\\express\\lib\\router\\index.js:175:3)\n    at router (C:\\backend\\3MTT\\Blogging-API\\node_modules\\express\\lib\\router\\index.js:47:12)","trace":[{"column":27,"file":"file:///C:/backend/3MTT/Blogging-API/src/controllers/blog.js","function":"getOwnerBlog","line":71,"method":null,"native":false},{"column":5,"file":"C:\\backend\\3MTT\\Blogging-API\\node_modules\\express\\lib\\router\\layer.js","function":"Layer.handle [as handle_request]","line":95,"method":"handle [as handle_request]","native":false},{"column":13,"file":"C:\\backend\\3MTT\\Blogging-API\\node_modules\\express\\lib\\router\\route.js","function":"next","line":149,"method":null,"native":false},{"column":3,"file":"C:\\backend\\3MTT\\Blogging-API\\node_modules\\express\\lib\\router\\route.js","function":"Route.dispatch","line":119,"method":"dispatch","native":false},{"column":5,"file":"C:\\backend\\3MTT\\Blogging-API\\node_modules\\express\\lib\\router\\layer.js","function":"Layer.handle [as handle_request]","line":95,"method":"handle [as handle_request]","native":false},{"column":15,"file":"C:\\backend\\3MTT\\Blogging-API\\node_modules\\express\\lib\\router\\index.js","function":null,"line":284,"method":null,"native":false},{"column":12,"file":"C:\\backend\\3MTT\\Blogging-API\\node_modules\\express\\lib\\router\\index.js","function":"Function.process_params","line":346,"method":"process_params","native":false},{"column":10,"file":"C:\\backend\\3MTT\\Blogging-API\\node_modules\\express\\lib\\router\\index.js","function":"next","line":280,"method":null,"native":false},{"column":3,"file":"C:\\backend\\3MTT\\Blogging-API\\node_modules\\express\\lib\\router\\index.js","function":"Function.handle","line":175,"method":"handle","native":false},{"column":12,"file":"C:\\backend\\3MTT\\Blogging-API\\node_modules\\express\\lib\\router\\index.js","function":"router","line":47,"method":null,"native":false}]}
{"level":"info","message":"Server running on port 8000"}
{"contentLength":"40","level":"info","message":"HTTP Access Log","method":"GET","responseTime":666.199,"status":403,"timeStamp":"Sat May 11 2024 13:31:58 GMT+0100 (West Africa Standard Time)","url":"/blog/author?page=1&limit=10"}
{"contentLength":"399","level":"info","message":"HTTP Access Log","method":"POST","responseTime":2181.835,"status":200,"timeStamp":"Sat May 11 2024 13:32:14 GMT+0100 (West Africa Standard Time)","url":"/user/login"}
{"contentLength":"380","level":"info","message":"HTTP Access Log","method":"GET","responseTime":77.437,"status":200,"timeStamp":"Sat May 11 2024 13:32:34 GMT+0100 (West Africa Standard Time)","url":"/blog/author?page=1&limit=10"}
{"contentLength":"696","level":"info","message":"HTTP Access Log","method":"GET","responseTime":11.322,"status":200,"timeStamp":"Sat May 11 2024 13:34:00 GMT+0100 (West Africa Standard Time)","url":"/blog/author?page=1&limit=10"}
{"contentLength":"699","level":"info","message":"HTTP Access Log","method":"GET","responseTime":7.433,"status":200,"timeStamp":"Sat May 11 2024 13:34:17 GMT+0100 (West Africa Standard Time)","url":"/blog/author?page=1&limit="}
{"contentLength":"380","level":"info","message":"HTTP Access Log","method":"GET","responseTime":7.78,"status":200,"timeStamp":"Sat May 11 2024 13:34:24 GMT+0100 (West Africa Standard Time)","url":"/blog/author?page=1&limit=1"}
{"contentLength":"696","level":"info","message":"HTTP Access Log","method":"GET","responseTime":7.943,"status":200,"timeStamp":"Sat May 11 2024 13:41:11 GMT+0100 (West Africa Standard Time)","url":"/blog/author?page=1&limit=10"}
{"level":"info","message":"Server running on port 8000"}
{"level":"info","message":"Server running on port 8000"}
{"level":"info","message":"Server running on port 8000"}
{"contentLength":"144","level":"info","message":"HTTP Access Log","method":"GET","responseTime":11.824,"status":500,"timeStamp":"Sat May 11 2024 14:11:03 GMT+0100 (West Africa Standard Time)","url":"/blog/author=tayo"}
{"contentLength":"42","level":"info","message":"HTTP Access Log","method":"GET","responseTime":1309.296,"status":200,"timeStamp":"Sat May 11 2024 14:11:31 GMT+0100 (West Africa Standard Time)","url":"/blog/?author=tayo"}
{"contentLength":"761","level":"info","message":"HTTP Access Log","method":"GET","responseTime":19.681,"status":200,"timeStamp":"Sat May 11 2024 14:12:15 GMT+0100 (West Africa Standard Time)","url":"/blog/?author=test"}
{"contentLength":"42","level":"info","message":"HTTP Access Log","method":"GET","responseTime":12.153,"status":200,"timeStamp":"Sat May 11 2024 14:12:28 GMT+0100 (West Africa Standard Time)","url":"/blog/?author=eat"}
{"contentLength":"42","level":"info","message":"HTTP Access Log","method":"GET","responseTime":15.029,"status":200,"timeStamp":"Sat May 11 2024 14:12:37 GMT+0100 (West Africa Standard Time)","url":"/blog/?author=eat%20well"}
{"contentLength":"42","level":"info","message":"HTTP Access Log","method":"GET","responseTime":6.409,"status":200,"timeStamp":"Sat May 11 2024 14:12:46 GMT+0100 (West Africa Standard Time)","url":"/blog/?author=eat,well"}
{"contentLength":"42","level":"info","message":"HTTP Access Log","method":"GET","responseTime":6.694,"status":200,"timeStamp":"Sat May 11 2024 14:13:29 GMT+0100 (West Africa Standard Time)","url":"/blog/?author=eatwell"}
{"contentLength":"395","level":"info","message":"HTTP Access Log","method":"GET","responseTime":20.874,"status":200,"timeStamp":"Sat May 11 2024 14:13:38 GMT+0100 (West Africa Standard Time)","url":"/blog/?tags=eatwell"}
{"contentLength":"401","level":"info","message":"HTTP Access Log","method":"GET","responseTime":6.804,"status":200,"timeStamp":"Sat May 11 2024 14:13:47 GMT+0100 (West Africa Standard Time)","url":"/blog/?tags=eat%20well"}
{"contentLength":"760","level":"info","message":"HTTP Access Log","method":"GET","responseTime":7.367,"status":200,"timeStamp":"Sat May 11 2024 14:14:51 GMT+0100 (West Africa Standard Time)","url":"/blog/?read_count=1"}
{"contentLength":"760","level":"info","message":"HTTP Access Log","method":"GET","responseTime":6.99,"status":200,"timeStamp":"Sat May 11 2024 14:14:58 GMT+0100 (West Africa Standard Time)","url":"/blog/?read_count=0"}
{"contentLength":"760","level":"info","message":"HTTP Access Log","method":"GET","responseTime":8.786,"status":200,"timeStamp":"Sat May 11 2024 14:15:22 GMT+0100 (West Africa Standard Time)","url":"/blog/?read_count=0"}
{"contentLength":"760","level":"info","message":"HTTP Access Log","method":"GET","responseTime":8.051,"status":200,"timeStamp":"Sat May 11 2024 14:16:00 GMT+0100 (West Africa Standard Time)","url":"/blog/?read_count=3"}
{"contentLength":"42","level":"info","message":"HTTP Access Log","method":"GET","responseTime":5.057,"status":200,"timeStamp":"Sat May 11 2024 14:16:39 GMT+0100 (West Africa Standard Time)","url":"/blog/?author=tayo"}
{"contentLength":"42","level":"info","message":"HTTP Access Log","method":"GET","responseTime":6.005,"status":200,"timeStamp":"Sat May 11 2024 14:17:04 GMT+0100 (West Africa Standard Time)","url":"/blog/?author=adewobi"}
{"contentLength":"760","level":"info","message":"HTTP Access Log","method":"GET","responseTime":11.068,"status":200,"timeStamp":"Sat May 11 2024 14:17:09 GMT+0100 (West Africa Standard Time)","url":"/blog/?author=author"}
{"contentLength":"1359","level":"info","message":"HTTP Access Log","method":"GET","responseTime":10.364,"status":200,"timeStamp":"Sat May 11 2024 14:25:33 GMT+0100 (West Africa Standard Time)","url":"/blog/?sortBy=0"}
{"contentLength":"1359","level":"info","message":"HTTP Access Log","method":"GET","responseTime":9.058,"status":200,"timeStamp":"Sat May 11 2024 14:27:26 GMT+0100 (West Africa Standard Time)","url":"/blog/?sortBy=read_count"}
{"level":"info","message":"Server running on port 8000"}
{"contentLength":"1359","level":"info","message":"HTTP Access Log","method":"GET","responseTime":34.365,"status":200,"timeStamp":"Sat May 11 2024 14:29:21 GMT+0100 (West Africa Standard Time)","url":"/blog/?sortBy=read_count"}
{"contentLength":"1359","level":"info","message":"HTTP Access Log","method":"GET","responseTime":10.165,"status":200,"timeStamp":"Sat May 11 2024 14:32:16 GMT+0100 (West Africa Standard Time)","url":"/blog/?sortBy=read_count"}
{"contentLength":"1359","level":"info","message":"HTTP Access Log","method":"GET","responseTime":13.836,"status":200,"timeStamp":"Sat May 11 2024 14:33:04 GMT+0100 (West Africa Standard Time)","url":"/blog/?sortBy=createdAt"}
{"contentLength":"1359","level":"info","message":"HTTP Access Log","method":"GET","responseTime":11.033,"status":200,"timeStamp":"Sat May 11 2024 14:33:45 GMT+0100 (West Africa Standard Time)","url":"/blog/"}
{"contentLength":"1359","level":"info","message":"HTTP Access Log","method":"GET","responseTime":9.704,"status":200,"timeStamp":"Sat May 11 2024 14:35:20 GMT+0100 (West Africa Standard Time)","url":"/blog/?sortBy=read_count&sortOrder=desc"}
{"contentLength":"1359","level":"info","message":"HTTP Access Log","method":"GET","responseTime":7.908,"status":200,"timeStamp":"Sat May 11 2024 14:35:35 GMT+0100 (West Africa Standard Time)","url":"/blog/?sortBy=read_count&sortOrder=asc"}
{"level":"info","message":"Server running on port 8000"}
{"level":"info","message":"Server running on port 8000"}
{"level":"info","message":"Server running on port 8000"}
{"level":"info","message":"Server running on port 8000"}
{"level":"info","message":"Server running on port 8000"}
{"level":"info","message":"Server running on port 8000"}
{"level":"info","message":"Server running on port 8000"}
{"contentLength":"63","level":"info","message":"HTTP Access Log","method":"POST","responseTime":1901.396,"status":406,"timeStamp":"Sat May 11 2024 15:06:44 GMT+0100 (West Africa Standard Time)","url":"/blog"}
{"level":"info","message":"Server running on port 8000"}
{"contentLength":"40","level":"info","message":"HTTP Access Log","method":"POST","responseTime":733.447,"status":403,"timeStamp":"Sat May 11 2024 15:07:13 GMT+0100 (West Africa Standard Time)","url":"/blog"}
{"contentLength":"40","level":"info","message":"HTTP Access Log","method":"POST","responseTime":4.583,"status":403,"timeStamp":"Sat May 11 2024 15:07:38 GMT+0100 (West Africa Standard Time)","url":"/blog"}
{"contentLength":"399","level":"info","message":"HTTP Access Log","method":"POST","responseTime":603.689,"status":200,"timeStamp":"Sat May 11 2024 15:07:44 GMT+0100 (West Africa Standard Time)","url":"/user/login"}
{"contentLength":"563","level":"info","message":"HTTP Access Log","method":"POST","responseTime":24.515,"status":201,"timeStamp":"Sat May 11 2024 15:08:00 GMT+0100 (West Africa Standard Time)","url":"/blog"}
{"level":"info","message":"Server running on port 8000"}
{"level":"info","message":"Server running on port 8000"}
{"level":"info","message":"Server running on port 8000"}
{"level":"info","message":"Server running on port 8000"}
{"level":"info","message":"Server running on port 8000"}
{"level":"info","message":"Server running on port 8000"}
{"level":"info","message":"Server running on port 8000"}
{"level":"info","message":"Server running on port 8000"}
{"level":"info","message":"Server running on port 8000"}
{"level":"info","message":"Server running on port 8000"}
{"level":"info","message":"Server running on port 8000"}
{"level":"info","message":"Server running on port 8000"}
{"level":"info","message":"Server running on port 8000"}
{"level":"info","message":"Server running on port 8000"}
{"level":"info","message":"Server running on port 8000"}
{"level":"info","message":"Server running on port 8000"}
{"level":"info","message":"Server running on port 8000"}
{"level":"info","message":"Server running on port 8000"}
{"level":"info","message":"Server running on port 8000"}
{"level":"info","message":"Server running on port 8000"}
{"level":"info","message":"Server running on port 8000"}
{"level":"info","message":"Server running on port 8000"}
{"level":"info","message":"Server running on port 8000"}
{"level":"info","message":"Server running on port 8000"}
{"level":"info","message":"Server running on port 8000"}
{"level":"info","message":"Server running on port 8000"}
{"level":"info","message":"Server running on port 8000"}
{"level":"info","message":"Server running on port 8000"}
{"level":"info","message":"Server running on port 8000"}
{"level":"info","message":"Server running on port 8000"}
{"level":"info","message":"Server running on port 8000"}
{"level":"info","message":"Server running on port 8000"}
{"level":"info","message":"Server running on port 8000"}
{"contentLength":"307","level":"info","message":"HTTP Access Log","method":"POST","responseTime":2114.731,"status":201,"timeStamp":"Sat May 11 2024 17:53:11 GMT+0100 (West Africa Standard Time)","url":"/user/register"}
{"contentLength":"399","level":"info","message":"HTTP Access Log","method":"POST","responseTime":1252.024,"status":200,"timeStamp":"Sat May 11 2024 17:53:55 GMT+0100 (West Africa Standard Time)","url":"/user/login"}
{"contentLength":"40","level":"info","message":"HTTP Access Log","method":"POST","responseTime":14.717,"status":403,"timeStamp":"Sat May 11 2024 17:54:12 GMT+0100 (West Africa Standard Time)","url":"/blog"}
{"contentLength":"563","level":"info","message":"HTTP Access Log","method":"POST","responseTime":285.968,"status":201,"timeStamp":"Sat May 11 2024 17:54:17 GMT+0100 (West Africa Standard Time)","url":"/blog"}
{"contentLength":"42","level":"info","message":"HTTP Access Log","method":"GET","responseTime":157.083,"status":200,"timeStamp":"Sat May 11 2024 17:54:30 GMT+0100 (West Africa Standard Time)","url":"/blog/?sortBy=read_count&sortOrder=asc"}
{"contentLength":"42","level":"info","message":"HTTP Access Log","method":"GET","responseTime":147.752,"status":200,"timeStamp":"Sat May 11 2024 17:54:41 GMT+0100 (West Africa Standard Time)","url":"/blog/?sortBy=read_count&sortOrder=asc"}
{"contentLength":"42","level":"info","message":"HTTP Access Log","method":"GET","responseTime":160.904,"status":200,"timeStamp":"Sat May 11 2024 17:55:02 GMT+0100 (West Africa Standard Time)","url":"/blog"}
{"contentLength":"42","level":"info","message":"HTTP Access Log","method":"GET","responseTime":139.544,"status":200,"timeStamp":"Sat May 11 2024 17:55:40 GMT+0100 (West Africa Standard Time)","url":"/blog"}
{"contentLength":"606","level":"info","message":"HTTP Access Log","method":"GET","responseTime":289.103,"status":200,"timeStamp":"Sat May 11 2024 17:56:13 GMT+0100 (West Africa Standard Time)","url":"/blog"}
{"contentLength":"40","level":"info","message":"HTTP Access Log","method":"PATCH","responseTime":3.035,"status":403,"timeStamp":"Sat May 11 2024 17:57:18 GMT+0100 (West Africa Standard Time)","url":"/blog/663fa2b99c4266164e88b429/post"}
{"contentLength":"574","level":"info","message":"HTTP Access Log","method":"PATCH","responseTime":293.201,"status":200,"timeStamp":"Sat May 11 2024 17:57:36 GMT+0100 (West Africa Standard Time)","url":"/blog/663fa2b99c4266164e88b429/post"}
{"contentLength":"605","level":"info","message":"HTTP Access Log","method":"GET","responseTime":284.703,"status":200,"timeStamp":"Sat May 11 2024 17:57:41 GMT+0100 (West Africa Standard Time)","url":"/blog"}
{"contentLength":"40","level":"info","message":"HTTP Access Log","method":"GET","responseTime":5.846,"status":403,"timeStamp":"Sat May 11 2024 17:57:56 GMT+0100 (West Africa Standard Time)","url":"/blog/author?page=1&limit=10"}
{"contentLength":"589","level":"info","message":"HTTP Access Log","method":"GET","responseTime":282.663,"status":200,"timeStamp":"Sat May 11 2024 17:58:08 GMT+0100 (West Africa Standard Time)","url":"/blog/author?page=1&limit=10"}
{"contentLength":"574","level":"info","message":"HTTP Access Log","method":"PATCH","responseTime":297.844,"status":200,"timeStamp":"Sat May 11 2024 17:58:26 GMT+0100 (West Africa Standard Time)","url":"/blog/663fa2b99c4266164e88b429/post"}
{"contentLength":"40","level":"info","message":"HTTP Access Log","method":"DELETE","responseTime":2.381,"status":403,"timeStamp":"Sat May 11 2024 17:58:41 GMT+0100 (West Africa Standard Time)","url":"/blog/663e3853f89ce7396e967646"}
{"contentLength":"33","level":"info","message":"HTTP Access Log","method":"DELETE","responseTime":153.625,"status":404,"timeStamp":"Sat May 11 2024 17:58:46 GMT+0100 (West Africa Standard Time)","url":"/blog/663e3853f89ce7396e967646"}
{"contentLength":"44","level":"info","message":"HTTP Access Log","method":"DELETE","responseTime":297.663,"status":200,"timeStamp":"Sat May 11 2024 17:58:58 GMT+0100 (West Africa Standard Time)","url":"/blog/663fa2b99c4266164e88b429"}
{"contentLength":"42","level":"info","message":"HTTP Access Log","method":"GET","responseTime":150.006,"status":200,"timeStamp":"Sat May 11 2024 17:59:03 GMT+0100 (West Africa Standard Time)","url":"/blog"}
{"contentLength":"563","level":"info","message":"HTTP Access Log","method":"POST","responseTime":300.286,"status":201,"timeStamp":"Sat May 11 2024 17:59:08 GMT+0100 (West Africa Standard Time)","url":"/blog"}
{"contentLength":"52","level":"info","message":"HTTP Access Log","method":"POST","responseTime":160.864,"status":400,"timeStamp":"Sat May 11 2024 17:59:35 GMT+0100 (West Africa Standard Time)","url":"/blog"}
{"contentLength":"606","level":"info","message":"HTTP Access Log","method":"GET","responseTime":286.143,"status":200,"timeStamp":"Sat May 11 2024 17:59:44 GMT+0100 (West Africa Standard Time)","url":"/blog"}
{"level":"info","message":"Server running on port 8000"}
{"level":"info","message":"Server running on port 8000"}
{"level":"info","message":"Server running on port 8000"}
{"level":"info","message":"Server running on port 8000"}
{"level":"info","message":"Server running on port 8000"}
{"level":"info","message":"Server running on port 8000"}
{"level":"info","message":"Server running on port 8000"}
{"level":"info","message":"Server running on port 8000"}
{"level":"info","message":"Server running on port 8000"}
{"level":"info","message":"Server running on port 8000"}
{"level":"info","message":"Server running on port 8000"}
{"level":"info","message":"Server running on port 8000"}
{"level":"info","message":"Server running on port 8000"}
{"level":"info","message":"Server running on port 8000"}
{"level":"info","message":"Server running on port 8000"}
{"level":"info","message":"Server running on port 8000"}
{"contentLength":"40","level":"info","message":"HTTP Access Log","method":"PATCH","responseTime":639.877,"status":403,"timeStamp":"Sun May 12 2024 01:11:07 GMT+0100 (West Africa Standard Time)","url":"/blog/663e3853f89ce7396e967646"}
{"contentLength":"33","level":"info","message":"HTTP Access Log","method":"PATCH","responseTime":1081.984,"status":404,"timeStamp":"Sun May 12 2024 01:13:02 GMT+0100 (West Africa Standard Time)","url":"/blog/663e3853f89ce7396e967646"}
{"contentLength":"573","level":"info","message":"HTTP Access Log","method":"PATCH","responseTime":310.586,"status":200,"timeStamp":"Sun May 12 2024 01:13:30 GMT+0100 (West Africa Standard Time)","url":"/blog/663fa3db9c4266164e88b43e"}
{"contentLength":"569","level":"info","message":"HTTP Access Log","method":"PATCH","responseTime":286.425,"status":200,"timeStamp":"Sun May 12 2024 01:13:39 GMT+0100 (West Africa Standard Time)","url":"/blog/663fa3db9c4266164e88b43e"}
{"contentLength":"573","level":"info","message":"HTTP Access Log","method":"PATCH","responseTime":318.85,"status":200,"timeStamp":"Sun May 12 2024 01:13:45 GMT+0100 (West Africa Standard Time)","url":"/blog/663fa3db9c4266164e88b43e"}
{"level":"info","message":"Server running on port 8000"}
{"level":"info","message":"Server running on port 8000"}
{"level":"info","message":"Server running on port 8000"}
{"contentLength":"30","level":"info","message":"HTTP Access Log","method":"POST","responseTime":799.53,"status":406,"timeStamp":"Sun May 12 2024 14:26:49 GMT+0100 (West Africa Standard Time)","url":"/user/register"}
{"contentLength":"26","level":"info","message":"HTTP Access Log","method":"POST","responseTime":160.952,"status":400,"timeStamp":"Sun May 12 2024 14:27:06 GMT+0100 (West Africa Standard Time)","url":"/user/register"}
{"contentLength":"26","level":"info","message":"HTTP Access Log","method":"POST","responseTime":143.059,"status":400,"timeStamp":"Sun May 12 2024 14:27:12 GMT+0100 (West Africa Standard Time)","url":"/user/register"}
{"contentLength":"308","level":"info","message":"HTTP Access Log","method":"POST","responseTime":713.421,"status":201,"timeStamp":"Sun May 12 2024 14:27:27 GMT+0100 (West Africa Standard Time)","url":"/user/register"}
{"contentLength":"40","level":"info","message":"HTTP Access Log","method":"PATCH","responseTime":13.119,"status":403,"timeStamp":"Sun May 12 2024 15:24:46 GMT+0100 (West Africa Standard Time)","url":"/blog/663fa3db9c4266164e88b43e"}
{"level":"info","message":"Server running on port 8000"}
